REPOSITORY               TAG                 IMAGE ID            CREATED              SIZE
kazhem/ubuntu-tmp-file   latest              dfb7cf1903a0        About a minute ago   125MB
ubuntu                   16.04               005d2078bdfa        3 days ago           125MB
docker/getting-started   latest              656fe9b8b12f        5 weeks ago          26.2MB
hello-world              latest              bf756fb1ae65        3 months ago         13.3kB


Анализ команд
# docker inspect <u_image_id>
и
# docker inspect <u_container_id>
показал, что
В описании контейнера присутствуют такие элементы, как:
  "State": {}  # Описание текущего статуса контейнера (запущен/остановлен/упал и т.п.)
  "Image": ""  # Чексумма образа-основы
  "NetworkSettings":  # Параметры подключенных к контейнеру сетей
  и т.п. Подробнее в README.md
Эти параметры характерны для уже запущенного окружения.

В описании образа же присутствуют только параметры, описывающие сам образ,
родительский образ и характеристики контейнера, с помощью которого создавался образ.
Образ не имеет параметров, характерных для уже запущенного окружения.
Только параметры по-умолчанию, которые будут использованы при запуске контейнера.


Из вышеописанного можно сделать вывод, что контейнер -- это уже запущенное окружение на базе ранее созданного образа.
